<?xml version="1.0" encoding="UTF-8"?>
<testng-results skipped="0" failed="0" ignored="0" total="1" passed="1">
  <reporter-output>
  </reporter-output>
  <suite name="Surefire suite" duration-ms="69" started-at="2021-08-25T21:23:48 MSK" finished-at="2021-08-25T21:23:48 MSK">
    <groups>
    </groups>
    <test name="Surefire test" duration-ms="69" started-at="2021-08-25T21:23:48 MSK" finished-at="2021-08-25T21:23:48 MSK">
      <class name="ru.netology.AppTest">
        <test-method status="PASS" signature="shouldAnswerWithTrue()[pri:0, instance:ru.netology.AppTest@271053e1]" name="shouldAnswerWithTrue" duration-ms="8" started-at="2021-08-25T21:23:48 MSK" finished-at="2021-08-25T21:23:48 MSK">
          <reporter-output>
          </reporter-output>
        </test-method> <!-- shouldAnswerWithTrue -->
      </class> <!-- ru.netology.AppTest -->
    </test> <!-- Surefire test -->
  </suite> <!-- Surefire suite -->
</testng-results>
